# JRE version: Java(TM) SE Runtime Environment (12.0.2+10) (build 12.0.2+10)
# Java VM: Java HotSpot(TM) 64-Bit Server VM (12.0.2+10, mixed mode, sharing, tiered, compressed oops, g1 gc, windows-amd64)
Heap:
 garbage-first heap   total 84992K, used 59697K [0x0000000080000000, 0x0000000100000000)
  region size 1024K, 33 young (33792K), 4 survivors (4096K)
 Metaspace       used 61985K, capacity 63405K, committed 63488K, reserved 1103872K
  class space    used 8111K, capacity 8645K, committed 8704K, reserved 1048576K
GC Heap History (10 events):
Event: 7.308 GC heap before
{Heap before GC invocations=18 (full 0):
 garbage-first heap   total 70656K, used 51101K [0x0000000080000000, 0x0000000100000000)
  region size 1024K, 30 young (30720K), 4 survivors (4096K)
 Metaspace       used 44323K, capacity 45383K, committed 45568K, reserved 1089536K
  class space    used 5679K, capacity 6074K, committed 6144K, reserved 1048576K
}
Event: 7.316 GC heap after
{Heap after GC invocations=19 (full 0):
 garbage-first heap   total 70656K, used 25519K [0x0000000080000000, 0x0000000100000000)
  region size 1024K, 1 young (1024K), 1 survivors (1024K)
 Metaspace       used 44323K, capacity 45383K, committed 45568K, reserved 1089536K
  class space    used 5679K, capacity 6074K, committed 6144K, reserved 1048576K
}
Event: 8.003 GC heap before
{Heap before GC invocations=19 (full 0):
 garbage-first heap   total 70656K, used 51119K [0x0000000080000000, 0x0000000100000000)
  region size 1024K, 27 young (27648K), 1 survivors (1024K)
 Metaspace       used 48872K, capacity 49979K, committed 50304K, reserved 1093632K
  class space    used 6288K, capacity 6667K, committed 6784K, reserved 1048576K
}
Event: 8.007 GC heap after
{Heap after GC invocations=20 (full 0):
 garbage-first heap   total 70656K, used 26395K [0x0000000080000000, 0x0000000100000000)
  region size 1024K, 2 young (2048K), 2 survivors (2048K)
 Metaspace       used 48872K, capacity 49979K, committed 50304K, reserved 1093632K
  class space    used 6288K, capacity 6667K, committed 6784K, reserved 1048576K
}
Event: 8.813 GC heap before
{Heap before GC invocations=20 (full 0):
 garbage-first heap   total 70656K, used 53019K [0x0000000080000000, 0x0000000100000000)
  region size 1024K, 28 young (28672K), 2 survivors (2048K)
 Metaspace       used 52511K, capacity 53592K, committed 53632K, reserved 1095680K
  class space    used 6901K, capacity 7295K, committed 7296K, reserved 1048576K
}
Event: 8.819 GC heap after
{Heap after GC invocations=21 (full 0):
 garbage-first heap   total 70656K, used 27438K [0x0000000080000000, 0x0000000100000000)
  region size 1024K, 3 young (3072K), 3 survivors (3072K)
 Metaspace       used 52511K, capacity 53592K, committed 53632K, reserved 1095680K
  class space    used 6901K, capacity 7295K, committed 7296K, reserved 1048576K
}
Event: 9.377 GC heap before
{Heap before GC invocations=21 (full 0):
 garbage-first heap   total 70656K, used 53038K [0x0000000080000000, 0x0000000100000000)
  region size 1024K, 29 young (29696K), 3 survivors (3072K)
 Metaspace       used 55506K, capacity 56805K, committed 56960K, reserved 1097728K
  class space    used 7307K, capacity 7795K, committed 7808K, reserved 1048576K
}
Event: 9.384 GC heap after
{Heap after GC invocations=22 (full 0):
 garbage-first heap   total 70656K, used 29203K [0x0000000080000000, 0x0000000100000000)
  region size 1024K, 4 young (4096K), 4 survivors (4096K)
 Metaspace       used 55506K, capacity 56805K, committed 56960K, reserved 1097728K
  class space    used 7307K, capacity 7795K, committed 7808K, reserved 1048576K
}
Event: 9.852 GC heap before
{Heap before GC invocations=22 (full 0):
 garbage-first heap   total 70656K, used 54803K [0x0000000080000000, 0x0000000100000000)
  region size 1024K, 29 young (29696K), 4 survivors (4096K)
 Metaspace       used 57226K, capacity 58544K, committed 58880K, reserved 1099776K
  class space    used 7549K, capacity 8071K, committed 8192K, reserved 1048576K
}
Event: 9.860 GC heap after
{Heap after GC invocations=23 (full 0):
 garbage-first heap   total 84992K, used 31025K [0x0000000080000000, 0x0000000100000000)
  region size 1024K, 4 young (4096K), 4 survivors (4096K)
 Metaspace       used 57226K, capacity 58544K, committed 58880K, reserved 1099776K
  class space    used 7549K, capacity 8071K, committed 8192K, reserved 1048576K
}

