# JRE version: Java(TM) SE Runtime Environment (12.0.2+10) (build 12.0.2+10)
# Java VM: Java HotSpot(TM) 64-Bit Server VM (12.0.2+10, mixed mode, sharing, tiered, compressed oops, g1 gc, windows-amd64)
Heap:
 garbage-first heap   total 86016K, used 31241K [0x0000000080000000, 0x0000000100000000)
  region size 1024K, 3 young (3072K), 3 survivors (3072K)
 Metaspace       used 60370K, capacity 61814K, committed 62080K, reserved 1103872K
  class space    used 7922K, capacity 8471K, committed 8576K, reserved 1048576K
GC Heap History (10 events):
Event: 7.520 GC heap after
{Heap after GC invocations=22 (full 0):
 garbage-first heap   total 71680K, used 25677K [0x0000000080000000, 0x0000000100000000)
  region size 1024K, 2 young (2048K), 2 survivors (2048K)
 Metaspace       used 46581K, capacity 47613K, committed 47872K, reserved 1091584K
  class space    used 5988K, capacity 6364K, committed 6400K, reserved 1048576K
}
Event: 7.927 GC heap before
{Heap before GC invocations=22 (full 0):
 garbage-first heap   total 71680K, used 47181K [0x0000000080000000, 0x0000000100000000)
  region size 1024K, 23 young (23552K), 2 survivors (2048K)
 Metaspace       used 49879K, capacity 50930K, committed 51200K, reserved 1093632K
  class space    used 6519K, capacity 6892K, committed 6912K, reserved 1048576K
}
Event: 7.930 GC heap after
{Heap after GC invocations=23 (full 0):
 garbage-first heap   total 71680K, used 26174K [0x0000000080000000, 0x0000000100000000)
  region size 1024K, 2 young (2048K), 2 survivors (2048K)
 Metaspace       used 49879K, capacity 50930K, committed 51200K, reserved 1093632K
  class space    used 6519K, capacity 6892K, committed 6912K, reserved 1048576K
}
Event: 8.415 GC heap before
{Heap before GC invocations=23 (full 0):
 garbage-first heap   total 71680K, used 49726K [0x0000000080000000, 0x0000000100000000)
  region size 1024K, 25 young (25600K), 2 survivors (2048K)
 Metaspace       used 52727K, capacity 53817K, committed 54016K, reserved 1095680K
  class space    used 6930K, capacity 7365K, committed 7424K, reserved 1048576K
}
Event: 8.420 GC heap after
{Heap after GC invocations=24 (full 0):
 garbage-first heap   total 71680K, used 27322K [0x0000000080000000, 0x0000000100000000)
  region size 1024K, 3 young (3072K), 3 survivors (3072K)
 Metaspace       used 52727K, capacity 53817K, committed 54016K, reserved 1095680K
  class space    used 6930K, capacity 7365K, committed 7424K, reserved 1048576K
}
Event: 8.887 GC heap before
{Heap before GC invocations=24 (full 0):
 garbage-first heap   total 71680K, used 50874K [0x0000000080000000, 0x0000000100000000)
  region size 1024K, 26 young (26624K), 3 survivors (3072K)
 Metaspace       used 55401K, capacity 56690K, committed 56704K, reserved 1097728K
  class space    used 7290K, capacity 7794K, committed 7808K, reserved 1048576K
}
Event: 8.900 GC heap after
{Heap after GC invocations=25 (full 0):
 garbage-first heap   total 71680K, used 28761K [0x0000000080000000, 0x0000000100000000)
  region size 1024K, 4 young (4096K), 4 survivors (4096K)
 Metaspace       used 55401K, capacity 56690K, committed 56704K, reserved 1097728K
  class space    used 7290K, capacity 7794K, committed 7808K, reserved 1048576K
}
Event: 9.371 GC heap before
{Heap before GC invocations=25 (full 0):
 garbage-first heap   total 71680K, used 52313K [0x0000000080000000, 0x0000000100000000)
  region size 1024K, 27 young (27648K), 4 survivors (4096K)
 Metaspace       used 57128K, capacity 58463K, committed 58496K, reserved 1099776K
  class space    used 7528K, capacity 8038K, committed 8064K, reserved 1048576K
}
Event: 9.377 GC heap after
{Heap after GC invocations=26 (full 0):
 garbage-first heap   total 71680K, used 30339K [0x0000000080000000, 0x0000000100000000)
  region size 1024K, 4 young (4096K), 4 survivors (4096K)
 Metaspace       used 57128K, capacity 58463K, committed 58496K, reserved 1099776K
  class space    used 7528K, capacity 8038K, committed 8064K, reserved 1048576K
}
Event: 24.340 GC heap before
{Heap before GC invocations=26 (full 0):
 garbage-first heap   total 71680K, used 53891K [0x0000000080000000, 0x0000000100000000)
  region size 1024K, 27 young (27648K), 4 survivors (4096K)
 Metaspace       used 60370K, capacity 61814K, committed 62080K, reserved 1103872K
  class space    used 7922K, capacity 8471K, committed 8576K, reserved 1048576K
}

