# JRE version: Java(TM) SE Runtime Environment (12.0.2+10) (build 12.0.2+10)
# Java VM: Java HotSpot(TM) 64-Bit Server VM (12.0.2+10, mixed mode, sharing, tiered, compressed oops, g1 gc, windows-amd64)
Heap:
 garbage-first heap   total 86016K, used 60204K [0x0000000080000000, 0x0000000100000000)
  region size 1024K, 37 young (37888K), 5 survivors (5120K)
 Metaspace       used 57928K, capacity 59284K, committed 59392K, reserved 1099776K
  class space    used 7639K, capacity 8161K, committed 8192K, reserved 1048576K
GC Heap History (10 events):
Event: 6.326 GC heap before
{Heap before GC invocations=12 (full 0):
 garbage-first heap   total 73728K, used 41408K [0x0000000080000000, 0x0000000100000000)
  region size 1024K, 28 young (28672K), 3 survivors (3072K)
 Metaspace       used 34665K, capacity 35695K, committed 35840K, reserved 1081344K
  class space    used 4248K, capacity 4620K, committed 4736K, reserved 1048576K
}
Event: 6.333 GC heap after
{Heap after GC invocations=13 (full 0):
 garbage-first heap   total 73728K, used 19049K [0x0000000080000000, 0x0000000100000000)
  region size 1024K, 5 young (5120K), 5 survivors (5120K)
 Metaspace       used 34665K, capacity 35695K, committed 35840K, reserved 1081344K
  class space    used 4248K, capacity 4620K, committed 4736K, reserved 1048576K
}
Event: 7.113 GC heap before
{Heap before GC invocations=14 (full 0):
 garbage-first heap   total 71680K, used 53865K [0x0000000080000000, 0x0000000100000000)
  region size 1024K, 40 young (40960K), 5 survivors (5120K)
 Metaspace       used 41620K, capacity 42713K, committed 43008K, reserved 1087488K
  class space    used 5203K, capacity 5585K, committed 5632K, reserved 1048576K
}
Event: 7.123 GC heap after
{Heap after GC invocations=15 (full 0):
 garbage-first heap   total 71680K, used 24074K [0x0000000080000000, 0x0000000100000000)
  region size 1024K, 5 young (5120K), 5 survivors (5120K)
 Metaspace       used 41620K, capacity 42713K, committed 43008K, reserved 1087488K
  class space    used 5203K, capacity 5585K, committed 5632K, reserved 1048576K
}
Event: 7.751 GC heap before
{Heap before GC invocations=16 (full 0):
 garbage-first heap   total 71680K, used 53770K [0x0000000080000000, 0x0000000100000000)
  region size 1024K, 34 young (34816K), 5 survivors (5120K)
 Metaspace       used 46725K, capacity 47773K, committed 47872K, reserved 1091584K
  class space    used 6020K, capacity 6396K, committed 6400K, reserved 1048576K
}
Event: 7.757 GC heap after
{Heap after GC invocations=17 (full 0):
 garbage-first heap   total 71680K, used 25675K [0x0000000080000000, 0x0000000100000000)
  region size 1024K, 2 young (2048K), 2 survivors (2048K)
 Metaspace       used 46725K, capacity 47773K, committed 47872K, reserved 1091584K
  class space    used 6020K, capacity 6396K, committed 6400K, reserved 1048576K
}
Event: 8.328 GC heap before
{Heap before GC invocations=17 (full 0):
 garbage-first heap   total 71680K, used 54347K [0x0000000080000000, 0x0000000100000000)
  region size 1024K, 30 young (30720K), 2 survivors (2048K)
 Metaspace       used 51422K, capacity 52509K, committed 52864K, reserved 1095680K
  class space    used 6762K, capacity 7184K, committed 7296K, reserved 1048576K
}
Event: 8.332 GC heap after
{Heap after GC invocations=18 (full 0):
 garbage-first heap   total 86016K, used 26161K [0x0000000080000000, 0x0000000100000000)
  region size 1024K, 2 young (2048K), 2 survivors (2048K)
 Metaspace       used 51422K, capacity 52509K, committed 52864K, reserved 1095680K
  class space    used 6762K, capacity 7184K, committed 7296K, reserved 1048576K
}
Event: 9.094 GC heap before
{Heap before GC invocations=18 (full 0):
 garbage-first heap   total 86016K, used 60977K [0x0000000080000000, 0x0000000100000000)
  region size 1024K, 36 young (36864K), 2 survivors (2048K)
 Metaspace       used 55393K, capacity 56690K, committed 56704K, reserved 1097728K
  class space    used 7298K, capacity 7794K, committed 7808K, reserved 1048576K
}
Event: 9.100 GC heap after
{Heap after GC invocations=19 (full 0):
 garbage-first heap   total 86016K, used 28460K [0x0000000080000000, 0x0000000100000000)
  region size 1024K, 5 young (5120K), 5 survivors (5120K)
 Metaspace       used 55393K, capacity 56690K, committed 56704K, reserved 1097728K
  class space    used 7298K, capacity 7794K, committed 7808K, reserved 1048576K
}

